<?xml version="1.0" encoding="UTF-8"?>
<!-- Generated by org.testng.reporters.JUnitReportReporter -->
<testsuite name="nh.ui.antomation.test.cases.DemoTest" tests="1" time="0.496" ignored="0" failures="1" timestamp="16 Nov 2017 15:34:51 GMT" skipped="0" hostname="MS-20161002OWKF" errors="0">
  <testcase name="testChromeDriver" time="0.496" classname="nh.ui.antomation.test.cases.DemoTest">
    <failure type="java.lang.AssertionError" message="没有找到测试对象,对象名称[bdSearchInput]!">
      <![CDATA[java.lang.AssertionError: 没有找到测试对象,对象名称[bdSearchInput]!
	at org.testng.Assert.fail(Assert.java:94)
	at nh.ui.automation.tools.common.ByType.getByType(ByType.java:56)
	at nh.ui.automation.tools.common.Action.objInfo(Action.java:97)
	at nh.ui.automation.tools.common.ElementCommon.getElement(ElementCommon.java:36)
	at nh.ui.automation.tools.common.Action.sendkey(Action.java:126)
	at nh.ui.antomation.test.cases.DemoTest.testChromeDriver(DemoTest.java:27)
	at sun.reflect.NativeMethodAccessorImpl.invoke0(Native Method)
	at sun.reflect.NativeMethodAccessorImpl.invoke(Unknown Source)
	at sun.reflect.DelegatingMethodAccessorImpl.invoke(Unknown Source)
	at java.lang.reflect.Method.invoke(Unknown Source)
	at org.testng.internal.MethodInvocationHelper.invokeMethod(MethodInvocationHelper.java:104)
	at org.testng.internal.Invoker.invokeMethod(Invoker.java:645)
	at org.testng.internal.Invoker.invokeTestMethod(Invoker.java:851)
	at org.testng.internal.Invoker.invokeTestMethods(Invoker.java:1177)
	at org.testng.internal.TestMethodWorker.invokeTestMethods(TestMethodWorker.java:129)
	at org.testng.internal.TestMethodWorker.run(TestMethodWorker.java:112)
	at org.testng.TestRunner.privateRun(TestRunner.java:756)
	at org.testng.TestRunner.run(TestRunner.java:610)
	at org.testng.SuiteRunner.runTest(SuiteRunner.java:387)
	at org.testng.SuiteRunner.runSequentially(SuiteRunner.java:382)
	at org.testng.SuiteRunner.privateRun(SuiteRunner.java:340)
	at org.testng.SuiteRunner.run(SuiteRunner.java:289)
	at org.testng.SuiteRunnerWorker.runSuite(SuiteRunnerWorker.java:52)
	at org.testng.SuiteRunnerWorker.run(SuiteRunnerWorker.java:86)
	at org.testng.TestNG.runSuitesSequentially(TestNG.java:1293)
	at org.testng.TestNG.runSuitesLocally(TestNG.java:1218)
	at org.testng.TestNG.runSuites(TestNG.java:1133)
	at org.testng.TestNG.run(TestNG.java:1104)
	at org.testng.remote.AbstractRemoteTestNG.run(AbstractRemoteTestNG.java:132)
	at org.testng.remote.RemoteTestNG.initAndRun(RemoteTestNG.java:230)
	at org.testng.remote.RemoteTestNG.main(RemoteTestNG.java:76)
]]>
    </failure>
  </testcase> <!-- testChromeDriver -->
</testsuite> <!-- nh.ui.antomation.test.cases.DemoTest -->
